<?xml version="1.0" encoding="UTF-8"?>
<!-- Generated by org.testng.reporters.JUnitXMLReporter -->
<testsuite hostname="DESKTOP-0JETNLU" ignored="0" name="Test" tests="5" failures="0" timestamp="2023-02-10T15:57:35 CST" time="23.517" errors="0">
  <testcase name="loginTest" time="0.003" classname="testngassignementexcuteall.Amazon"/>
  <testcase name="loginTest" time="0.001" classname="testngassignementexcuteall.Walmart"/>
  <testcase name="loginTest" time="0.002" classname="testngassignementexcuteall.Rediff"/>
  <testcase name="loginTest" time="0.001" classname="testngassignementexcuteall.Costco"/>
  <testcase name="loginTest" time="0.001" classname="testngassignementexcuteall.Flipkart"/>
</testsuite> <!-- Test -->
